npm warn Unknown project config "auto-install-peers". This will stop working in the next major version of npm.

> nowts@0.1.0 dev
> next dev --turbopack

 ⚠ Warning: Next.js inferred your workspace root, but it may not be correct.
 We detected multiple lockfiles and selected the directory of /Users/hugoganet/package-lock.json as the root directory.
 To silence this warning, set `turbopack.root` in your Next.js config, or consider removing one of the lockfiles if it's not needed.
   See https://nextjs.org/docs/app/api-reference/config/next-config-js/turbopack#root-directory for more information.
 Detected additional lockfiles: 
   * /Users/hugoganet/Code/WIP/hack_the_gap/pnpm-lock.yaml

   ▲ Next.js 15.5.0 (Turbopack)
   - Local:        http://localhost:3000
   - Network:      http://192.168.1.145:3000
   - Environments: .env
   - Experiments (use with caution):
     ✓ authInterrupts

 ✓ Starting...
 ✓ Compiled middleware in 187ms
 ✓ Ready in 2.3s
 ○ Compiling /dashboard/courses ...
 ✓ Compiled /dashboard/courses in 7.3s
 GET /en/dashboard/courses 200 in 10880ms
 ○ Compiling /api/auth/[...auth] ...
 GET /favicon.ico?favicon.5882ef59.ico 200 in 2719ms
 ✓ Compiled /api/auth/[...auth] in 3.7s
 ⨯ [Error [PageNotFoundError]: Cannot find module for page: /api/auth/[...auth]/route] {
  type: 'PageNotFoundError',
  code: 'ENOENT',
  page: '/api/auth/get-session'
}
 ○ Compiling /_error ...
 GET /api/courses 200 in 5760ms
 ✓ Compiled /_error in 1379ms
 GET /api/auth/get-session 500 in 6564ms
 GET /api/user 200 in 1148ms
 ✓ Compiled middleware in 3ms
 ✓ Compiled in 230ms
 GET /api/auth/get-session 200 in 2384ms
 GET /api/auth/get-session 200 in 549ms
 ○ Compiling /[...catchAll] ...
 ✓ Compiled /[...catchAll] in 1430ms
 GET /en/dashboard/courses/a65a1767-ee67-4d50-8ede-e74519e50cd6 200 in 2167ms
 GET /en/dashboard/courses/9c423f6d-44ea-477a-b5d9-368ad50ae360 200 in 92ms
 GET /en/dashboard/courses/a65a1767-ee67-4d50-8ede-e74519e50cd6 200 in 97ms
 ✓ Compiled in 1103ms
 GET /en/dashboard/courses/a65a1767-ee67-4d50-8ede-e74519e50cd6 200 in 1491ms
 GET /en/dashboard/courses/a65a1767-ee67-4d50-8ede-e74519e50cd6 404 in 791ms
 ⨯ The requested resource isn't a valid image for /images/icon.png received null
 ⨯ The requested resource isn't a valid image for /images/icon.png received null
[Error: The requested resource isn't a valid image.] { statusCode: 400 }
 GET /favicon.ico?favicon.5882ef59.ico 200 in 446ms
 GET /favicon.ico 200 in 398ms
 GET /api/auth/get-session 200 in 613ms
 GET /favicon.ico?favicon.5882ef59.ico 200 in 241ms
 GET /favicon.ico?favicon.5882ef59.ico 200 in 242ms
 GET /favicon.ico?favicon.5882ef59.ico 200 in 244ms
 ✓ Compiled in 402ms
 ✓ Compiled /[...catchAll] in 140ms
 GET /en/dashboard/courses/a65a1767-ee67-4d50-8ede-e74519e50cd6 200 in 1800ms
 GET /en/dashboard/courses/a65a1767-ee67-4d50-8ede-e74519e50cd6 200 in 506ms
 GET /favicon.ico?favicon.5882ef59.ico 200 in 318ms
 GET /favicon.ico?favicon.5882ef59.ico 200 in 346ms
 GET /favicon.ico?favicon.5882ef59.ico 200 in 276ms
 ✓ Compiled in 246ms
 ✓ Compiled /[...catchAll] in 36ms
 GET /en/dashboard/courses/a65a1767-ee67-4d50-8ede-e74519e50cd6 200 in 962ms
 GET /en/dashboard/courses/a65a1767-ee67-4d50-8ede-e74519e50cd6 200 in 489ms
 GET /favicon.ico?favicon.5882ef59.ico 200 in 300ms
 GET /favicon.ico?favicon.5882ef59.ico 200 in 237ms
 GET /favicon.ico?favicon.5882ef59.ico 200 in 244ms
 GET /en/dashboard/courses/a65a1767-ee67-4d50-8ede-e74519e50cd6 404 in 893ms
 ⨯ The requested resource isn't a valid image for /images/icon.png received null
 ⨯ The requested resource isn't a valid image for /images/icon.png received null
[Error: The requested resource isn't a valid image.] { statusCode: 400 }
 GET /api/auth/get-session 200 in 532ms
 GET /favicon.ico?favicon.5882ef59.ico 200 in 306ms
 GET /en/orgs 200 in 62ms
 GET /en/orgs 200 in 101ms
 ✓ Compiled in 189ms
 ✓ Compiled /[...catchAll] in 136ms
 GET /en/orgs 200 in 2265ms
 GET /en/orgs 200 in 885ms
 ✓ Compiled in 269ms
 ✓ Compiled /[...catchAll] in 46ms
 GET /en/orgs 200 in 959ms
 GET /en/orgs 200 in 624ms
 GET /en/orgs 404 in 1384ms
 ⨯ The requested resource isn't a valid image for /images/icon.png received null
 ⨯ The requested resource isn't a valid image for /images/icon.png received null
[Error: The requested resource isn't a valid image.] { statusCode: 400 }
 GET /api/auth/get-session 200 in 616ms
 GET /favicon.ico?favicon.5882ef59.ico 200 in 328ms
 GET /en/orgs 200 in 432ms
 GET /favicon.ico?favicon.5882ef59.ico 200 in 426ms
 GET /favicon.ico?favicon.5882ef59.ico 200 in 397ms
 GET /favicon.ico?favicon.5882ef59.ico 200 in 295ms
 ○ Compiling /[locale] ...
 ✓ Compiled /[locale] in 3.4s
Error: Route "/[locale]" used `params.locale`. `params` should be awaited before using its properties. Learn more: https://nextjs.org/docs/messages/sync-dynamic-apis
    at LocaleLayout (app/[locale]/layout.tsx:13:30)
  11 |   params: { locale: string };
  12 | }) {
> 13 |   const localeParam = params.locale;
     |                              ^
  14 |   const locale: Locale = isLocale(localeParam) ? localeParam : "en";
  15 |
  16 |   // unstable_setRequestLocale(locale); // No longer needed
 GET /en 200 in 5364ms
 ⨯ The requested resource isn't a valid image for /images/icon.png received null
 GET /api/auth/get-session 200 in 649ms
 GET /en/orgs 200 in 130ms
 GET /en/dashboard 404 in 785ms
 ⨯ The requested resource isn't a valid image for /images/icon.png received null
 ⨯ The requested resource isn't a valid image for /images/icon.png received null
[Error: The requested resource isn't a valid image.] { statusCode: 400 }
 GET /api/auth/get-session 200 in 653ms
[?25h
